<?xml version="1.0" encoding="UTF-8"?>
<testng-results skipped="0" failed="0" ignored="0" total="4" passed="4">
  <reporter-output>
  </reporter-output>
  <suite name="Default suite" duration-ms="62019" started-at="2019-04-23T07:54:14Z" finished-at="2019-04-23T07:55:16Z">
    <groups>
    </groups>
    <test name="Default test" duration-ms="62019" started-at="2019-04-23T07:54:14Z" finished-at="2019-04-23T07:55:16Z">
      <class name="Casestudy.tests.TestMe">
        <test-method status="PASS" signature="beforeTest()[pri:0, instance:Casestudy.tests.TestMe@1794d431]" name="beforeTest" is-config="true" duration-ms="18760" started-at="2019-04-23T07:54:14Z" finished-at="2019-04-23T07:54:33Z">
          <reporter-output>
          </reporter-output>
        </test-method> <!-- beforeTest -->
        <test-method status="PASS" signature="testMeAppLogin(java.lang.String, java.lang.String, java.lang.String, java.lang.String, java.lang.String, java.lang.String)[pri:0, instance:Casestudy.tests.TestMe@1794d431]" name="testMeAppLogin" duration-ms="13138" started-at="2019-04-23T07:54:34Z" data-provider="credentials" finished-at="2019-04-23T07:54:47Z">
          <params>
            <param index="0">
              <value>
                <![CDATA[Lalitha]]>
              </value>
            </param>
            <param index="1">
              <value>
                <![CDATA[Password123]]>
              </value>
            </param>
            <param index="2">
              <value>
                <![CDATA[Andhra Bank]]>
              </value>
            </param>
            <param index="3">
              <value>
                <![CDATA[123456]]>
              </value>
            </param>
            <param index="4">
              <value>
                <![CDATA[Pass@456]]>
              </value>
            </param>
            <param index="5">
              <value>
                <![CDATA[Trans@456]]>
              </value>
            </param>
          </params>
          <reporter-output>
          </reporter-output>
        </test-method> <!-- testMeAppLogin -->
        <test-method status="PASS" signature="testMeAppLogin(java.lang.String, java.lang.String, java.lang.String, java.lang.String, java.lang.String, java.lang.String)[pri:0, instance:Casestudy.tests.TestMe@1794d431]" name="testMeAppLogin" duration-ms="10041" started-at="2019-04-23T07:54:47Z" data-provider="credentials" finished-at="2019-04-23T07:54:57Z">
          <params>
            <param index="0">
              <value>
                <![CDATA[Lalitha]]>
              </value>
            </param>
            <param index="1">
              <value>
                <![CDATA[Password123]]>
              </value>
            </param>
            <param index="2">
              <value>
                <![CDATA[HDFC Bank]]>
              </value>
            </param>
            <param index="3">
              <value>
                <![CDATA[123457]]>
              </value>
            </param>
            <param index="4">
              <value>
                <![CDATA[Pass@457]]>
              </value>
            </param>
            <param index="5">
              <value>
                <![CDATA[Trans@457]]>
              </value>
            </param>
          </params>
          <reporter-output>
          </reporter-output>
        </test-method> <!-- testMeAppLogin -->
        <test-method status="PASS" signature="testMeAppLogin(java.lang.String, java.lang.String, java.lang.String, java.lang.String, java.lang.String, java.lang.String)[pri:0, instance:Casestudy.tests.TestMe@1794d431]" name="testMeAppLogin" duration-ms="9626" started-at="2019-04-23T07:54:57Z" data-provider="credentials" finished-at="2019-04-23T07:55:07Z">
          <params>
            <param index="0">
              <value>
                <![CDATA[Lalitha]]>
              </value>
            </param>
            <param index="1">
              <value>
                <![CDATA[Password123]]>
              </value>
            </param>
            <param index="2">
              <value>
                <![CDATA[IDBI Bank]]>
              </value>
            </param>
            <param index="3">
              <value>
                <![CDATA[123458]]>
              </value>
            </param>
            <param index="4">
              <value>
                <![CDATA[Pass@458]]>
              </value>
            </param>
            <param index="5">
              <value>
                <![CDATA[Trans@458]]>
              </value>
            </param>
          </params>
          <reporter-output>
          </reporter-output>
        </test-method> <!-- testMeAppLogin -->
        <test-method status="PASS" signature="testMeAppLogin(java.lang.String, java.lang.String, java.lang.String, java.lang.String, java.lang.String, java.lang.String)[pri:0, instance:Casestudy.tests.TestMe@1794d431]" name="testMeAppLogin" duration-ms="9395" started-at="2019-04-23T07:55:07Z" data-provider="credentials" finished-at="2019-04-23T07:55:16Z">
          <params>
            <param index="0">
              <value>
                <![CDATA[Lalitha]]>
              </value>
            </param>
            <param index="1">
              <value>
                <![CDATA[Password123]]>
              </value>
            </param>
            <param index="2">
              <value>
                <![CDATA[UCO Bank]]>
              </value>
            </param>
            <param index="3">
              <value>
                <![CDATA[123460]]>
              </value>
            </param>
            <param index="4">
              <value>
                <![CDATA[Pass@460]]>
              </value>
            </param>
            <param index="5">
              <value>
                <![CDATA[Trans@460]]>
              </value>
            </param>
          </params>
          <reporter-output>
          </reporter-output>
        </test-method> <!-- testMeAppLogin -->
        <test-method status="PASS" signature="afterTest()[pri:0, instance:Casestudy.tests.TestMe@1794d431]" name="afterTest" is-config="true" duration-ms="299" started-at="2019-04-23T07:55:16Z" finished-at="2019-04-23T07:55:16Z">
          <reporter-output>
          </reporter-output>
        </test-method> <!-- afterTest -->
      </class> <!-- Casestudy.tests.TestMe -->
    </test> <!-- Default test -->
  </suite> <!-- Default suite -->
</testng-results>
